Gliver\Routes\RouteException : The class Controllers\Img/gliverarchController is undefined C:\xampp\htdocs\dev\docs\system\start.php(87) As seen from  C:\xampp\htdocs\dev\docs\system\bootstrap.php(93): {closure}()
#1 C:\xampp\htdocs\dev\docs\public\index.php(60): require_once('C:\\xampp\\htdocs...')
#2 {main}
Gliver\Routes\RouteException : The class Controllers\Img/gliverarchController is undefined C:\xampp\htdocs\dev\docs\system\start.php(87) As seen from  C:\xampp\htdocs\dev\docs\system\bootstrap.php(93): {closure}()
#1 C:\xampp\htdocs\dev\docs\public\index.php(60): require_once('C:\\xampp\\htdocs...')
#2 {main}
Gliver\Routes\RouteException : The class Controllers\Img/gliverarchController is undefined C:\xampp\htdocs\dev\docs\system\start.php(87) As seen from  C:\xampp\htdocs\dev\docs\system\bootstrap.php(93): {closure}()
#1 C:\xampp\htdocs\dev\docs\public\index.php(60): require_once('C:\\xampp\\htdocs...')
#2 {main}
Gliver\Routes\RouteException : The class Controllers\Img/gliverarchController is undefined C:\xampp\htdocs\dev\docs\system\start.php(87) As seen from  C:\xampp\htdocs\dev\docs\system\bootstrap.php(93): {closure}()
#1 C:\xampp\htdocs\dev\docs\public\index.php(60): require_once('C:\\xampp\\htdocs...')
#2 {main}
Gliver\Routes\RouteException : The class Controllers\Img/gliverarchController is undefined C:\xampp\htdocs\dev\docs\system\start.php(87) As seen from  C:\xampp\htdocs\dev\docs\system\bootstrap.php(93): {closure}()
#1 C:\xampp\htdocs\dev\docs\public\index.php(60): require_once('C:\\xampp\\htdocs...')
#2 {main}
Gliver\Routes\RouteException : The class Controllers\Img/gliverarchController is undefined C:\xampp\htdocs\dev\docs\system\start.php(87) As seen from  C:\xampp\htdocs\dev\docs\system\bootstrap.php(93): {closure}()
#1 C:\xampp\htdocs\dev\docs\public\index.php(60): require_once('C:\\xampp\\htdocs...')
#2 {main}
Gliver\Routes\RouteException : The class Controllers\Img/gliverarchController is undefined C:\xampp\htdocs\dev\docs\system\start.php(87) As seen from  C:\xampp\htdocs\dev\docs\system\bootstrap.php(93): {closure}()
#1 C:\xampp\htdocs\dev\docs\public\index.php(60): require_once('C:\\xampp\\htdocs...')
#2 {main}
Gliver\Routes\RouteException : The class Controllers\Img/gliverarchController is undefined C:\xampp\htdocs\dev\docs\system\start.php(87) As seen from  C:\xampp\htdocs\dev\docs\system\bootstrap.php(93): {closure}()
#1 C:\xampp\htdocs\dev\docs\public\index.php(60): require_once('C:\\xampp\\htdocs...')
#2 {main}
Gliver\Routes\RouteException : The class Controllers\Img/gliverarchController is undefined C:\xampp\htdocs\dev\docs\system\start.php(87) As seen from  C:\xampp\htdocs\dev\docs\system\bootstrap.php(93): {closure}()
#1 C:\xampp\htdocs\dev\docs\public\index.php(60): require_once('C:\\xampp\\htdocs...')
#2 {main}
Gliver\Routes\RouteException : The class Controllers\Img/gliverarchController is undefined C:\xampp\htdocs\dev\docs\system\start.php(87) As seen from  C:\xampp\htdocs\dev\docs\system\bootstrap.php(93): {closure}()
#1 C:\xampp\htdocs\dev\docs\public\index.php(60): require_once('C:\\xampp\\htdocs...')
#2 {main}
Gliver\Routes\RouteException : The class Controllers\Img/gliverarchController is undefined C:\xampp\htdocs\dev\docs\system\start.php(87) As seen from  C:\xampp\htdocs\dev\docs\system\bootstrap.php(93): {closure}()
#1 C:\xampp\htdocs\dev\docs\public\index.php(60): require_once('C:\\xampp\\htdocs...')
#2 {main}
Gliver\Routes\RouteException : The class Controllers\Img/gliverarchController is undefined C:\xampp\htdocs\dev\docs\system\start.php(87) As seen from  C:\xampp\htdocs\dev\docs\system\bootstrap.php(93): {closure}()
#1 C:\xampp\htdocs\dev\docs\public\index.php(60): require_once('C:\\xampp\\htdocs...')
#2 {main}
Gliver\Routes\RouteException : The class Controllers\Img/gliverarchController is undefined C:\xampp\htdocs\dev\docs\system\start.php(87) As seen from  C:\xampp\htdocs\dev\docs\system\bootstrap.php(93): {closure}()
#1 C:\xampp\htdocs\dev\docs\public\index.php(60): require_once('C:\\xampp\\htdocs...')
#2 {main}
Gliver\Routes\RouteException : The class Controllers\Img/gliverarchController is undefined C:\xampp\htdocs\dev\docs\system\start.php(87) As seen from  C:\xampp\htdocs\dev\docs\system\bootstrap.php(93): {closure}()
#1 C:\xampp\htdocs\dev\docs\public\index.php(60): require_once('C:\\xampp\\htdocs...')
#2 {main}
Gliver\Routes\RouteException : The class Controllers\Img/gliverarchController is undefined C:\xampp\htdocs\dev\docs\system\start.php(87) As seen from  C:\xampp\htdocs\dev\docs\system\bootstrap.php(93): {closure}()
#1 C:\xampp\htdocs\dev\docs\public\index.php(60): require_once('C:\\xampp\\htdocs...')
#2 {main}
Gliver\Routes\RouteException : The class Controllers\Img/gliverarchController is undefined C:\xampp\htdocs\dev\docs\system\start.php(87) As seen from  C:\xampp\htdocs\dev\docs\system\bootstrap.php(93): {closure}()
#1 C:\xampp\htdocs\dev\docs\public\index.php(60): require_once('C:\\xampp\\htdocs...')
#2 {main}
Gliver\Routes\RouteException : The class Controllers\Img/gliverarchController is undefined C:\xampp\htdocs\dev\docs\system\start.php(87) As seen from  C:\xampp\htdocs\dev\docs\system\bootstrap.php(93): {closure}()
#1 C:\xampp\htdocs\dev\docs\public\index.php(60): require_once('C:\\xampp\\htdocs...')
#2 {main}
Gliver\Routes\RouteException : The class Controllers\Img/gliverarchController is undefined C:\xampp\htdocs\dev\docs\system\start.php(87) As seen from  C:\xampp\htdocs\dev\docs\system\bootstrap.php(93): {closure}()
#1 C:\xampp\htdocs\dev\docs\public\index.php(60): require_once('C:\\xampp\\htdocs...')
#2 {main}
Gliver\Routes\RouteException : The class Controllers\Img/gliverarchController is undefined C:\xampp\htdocs\dev\docs\system\start.php(87) As seen from  C:\xampp\htdocs\dev\docs\system\bootstrap.php(93): {closure}()
#1 C:\xampp\htdocs\dev\docs\public\index.php(60): require_once('C:\\xampp\\htdocs...')
#2 {main}
Gliver\Routes\RouteException : The class Controllers\Img/gliverarchController is undefined C:\xampp\htdocs\dev\docs\system\start.php(87) As seen from  C:\xampp\htdocs\dev\docs\system\bootstrap.php(93): {closure}()
#1 C:\xampp\htdocs\dev\docs\public\index.php(60): require_once('C:\\xampp\\htdocs...')
#2 {main}
Gliver\Routes\RouteException : The class Controllers\Img/gliverarchController is undefined C:\xampp\htdocs\dev\docs\system\start.php(87) As seen from  C:\xampp\htdocs\dev\docs\system\bootstrap.php(93): {closure}()
#1 C:\xampp\htdocs\dev\docs\public\index.php(60): require_once('C:\\xampp\\htdocs...')
#2 {main}
Gliver\Routes\RouteException : The class Controllers\Img/gliverarchController is undefined C:\xampp\htdocs\dev\docs\system\start.php(87) As seen from  C:\xampp\htdocs\dev\docs\system\bootstrap.php(93): {closure}()
#1 C:\xampp\htdocs\dev\docs\public\index.php(60): require_once('C:\\xampp\\htdocs...')
#2 {main}
Gliver\Routes\RouteException : The class Controllers\Img/gliverarchController is undefined C:\xampp\htdocs\dev\docs\system\start.php(87) As seen from  C:\xampp\htdocs\dev\docs\system\bootstrap.php(93): {closure}()
#1 C:\xampp\htdocs\dev\docs\public\index.php(60): require_once('C:\\xampp\\htdocs...')
#2 {main}
Gliver\Routes\RouteException : The class Controllers\Img/gliverarchController is undefined C:\xampp\htdocs\dev\docs\system\start.php(87) As seen from  C:\xampp\htdocs\dev\docs\system\bootstrap.php(93): {closure}()
#1 C:\xampp\htdocs\dev\docs\public\index.php(60): require_once('C:\\xampp\\htdocs...')
#2 {main}
Gliver\Routes\RouteException : The class Controllers\Img/gliverarchController is undefined C:\xampp\htdocs\dev\docs\system\start.php(87) As seen from  C:\xampp\htdocs\dev\docs\system\bootstrap.php(93): {closure}()
#1 C:\xampp\htdocs\dev\docs\public\index.php(60): require_once('C:\\xampp\\htdocs...')
#2 {main}
Gliver\Routes\RouteException : The class Controllers\Img/gliverarchController is undefined C:\xampp\htdocs\dev\docs\system\start.php(87) As seen from  C:\xampp\htdocs\dev\docs\system\bootstrap.php(93): {closure}()
#1 C:\xampp\htdocs\dev\docs\public\index.php(60): require_once('C:\\xampp\\htdocs...')
#2 {main}
Gliver\Routes\RouteException : The class Controllers\Img/gliverarchController is undefined C:\xampp\htdocs\dev\docs\system\start.php(87) As seen from  C:\xampp\htdocs\dev\docs\system\bootstrap.php(93): {closure}()
#1 C:\xampp\htdocs\dev\docs\public\index.php(60): require_once('C:\\xampp\\htdocs...')
#2 {main}
Gliver\Routes\RouteException : The class Controllers\Img/gliverarchController is undefined C:\xampp\htdocs\dev\docs\system\start.php(87) As seen from  C:\xampp\htdocs\dev\docs\system\bootstrap.php(93): {closure}()
#1 C:\xampp\htdocs\dev\docs\public\index.php(60): require_once('C:\\xampp\\htdocs...')
#2 {main}
Gliver\Routes\RouteException : The class Controllers\Img/gliverarchController is undefined C:\xampp\htdocs\dev\docs\system\start.php(87) As seen from  C:\xampp\htdocs\dev\docs\system\bootstrap.php(93): {closure}()
#1 C:\xampp\htdocs\dev\docs\public\index.php(60): require_once('C:\\xampp\\htdocs...')
#2 {main}
Gliver\Templates\TemplateException: The view file named 'home/header'  cannot be found! C:\xampp\htdocs\dev\docs\vendor\gliver\framework\src\templates\TemplateParserClass.php(31) As seen from  C:\xampp\htdocs\dev\docs\vendor\gliver\framework\src\templates\View.php(206): Gliver\Templates\TemplateParserClass->compiled('C:\\xampp\\htdocs...', true, 'home/header')
#1 C:\xampp\htdocs\dev\docs\vendor\gliver\framework\src\templates\GrammarMapTrait.php(397): Gliver\Templates\View::getContents('home/header', true)
#2 C:\xampp\htdocs\dev\docs\vendor\gliver\framework\src\templates\GrammarMapTrait.php(166): Gliver\Templates\BaseTemplateClass->compileInclude('('home/header')')
#3 [internal function]: Gliver\Templates\BaseTemplateClass->Gliver\Templates\{closure}(Array)

Gliver\Templates\TemplateException: The view file named 'home/header'  cannot be found! C:\xampp\htdocs\dev\docs\vendor\gliver\framework\src\templates\TemplateParserClass.php(31) As seen from  C:\xampp\htdocs\dev\docs\vendor\gliver\framework\src\templates\View.php(206): Gliver\Templates\TemplateParserClass->compiled('C:\\xampp\\htdocs...', true, 'home/header')
#1 C:\xampp\htdocs\dev\docs\vendor\gliver\framework\src\templates\GrammarMapTrait.php(397): Gliver\Templates\View::getContents('home/header', true)
#2 C:\xampp\htdocs\dev\docs\vendor\gliver\framework\src\templates\GrammarMapTrait.php(166): Gliver\Templates\BaseTemplateClass->compileInclude('('home/header')')
#3 [internal function]: Gliver\Templates\BaseTemplateClass->Gliver\Templates\{closure}(Array)

Gliver\Templates\TemplateException: The view file named 'home/footer'  cannot be found! C:\xampp\htdocs\dev\docs\vendor\gliver\framework\src\templates\TemplateParserClass.php(31) As seen from  C:\xampp\htdocs\dev\docs\vendor\gliver\framework\src\templates\View.php(206): Gliver\Templates\TemplateParserClass->compiled('C:\\xampp\\htdocs...', true, 'home/footer')
#1 C:\xampp\htdocs\dev\docs\vendor\gliver\framework\src\templates\GrammarMapTrait.php(397): Gliver\Templates\View::getContents('home/footer', true)
#2 C:\xampp\htdocs\dev\docs\vendor\gliver\framework\src\templates\GrammarMapTrait.php(166): Gliver\Templates\BaseTemplateClass->compileInclude('('home/footer')')
#3 [internal function]: Gliver\Templates\BaseTemplateClass->Gliver\Templates\{closure}(Array)

E_PARSE syntax error, unexpected ';' in C:\xampp\htdocs\dev\docs\bin\tmp\8247d58820227d9fc2a30a064c7c43e4 on line (403) As seen from  C:\xampp\htdocs\dev\docs\system\Exceptions\Debug\BaseShutdown.php(38): handler(4, 'syntax error, u...', 'C:\\xampp\\htdocs...', 403)
#1 [internal function]: shut()
#2 {main}
Gliver\Routes\RouteException : The class Controllers\Img/gliverarchController is undefined C:\xampp\htdocs\dev\docs\system\start.php(87) As seen from  C:\xampp\htdocs\dev\docs\system\bootstrap.php(93): {closure}()
#1 C:\xampp\htdocs\dev\docs\public\index.php(60): require_once('C:\\xampp\\htdocs...')
#2 {main}
Gliver\Routes\RouteException : The class Controllers\Img/gliverarchController is undefined C:\xampp\htdocs\dev\docs\system\start.php(87) As seen from  C:\xampp\htdocs\dev\docs\system\bootstrap.php(93): {closure}()
#1 C:\xampp\htdocs\dev\docs\public\index.php(60): require_once('C:\\xampp\\htdocs...')
#2 {main}
Gliver\Routes\RouteException : The class Controllers\Img/gliverarchController is undefined C:\xampp\htdocs\dev\docs\system\start.php(87) As seen from  C:\xampp\htdocs\dev\docs\system\bootstrap.php(93): {closure}()
#1 C:\xampp\htdocs\dev\docs\public\index.php(60): require_once('C:\\xampp\\htdocs...')
#2 {main}
Gliver\Routes\RouteException : The class Controllers\Img/gliverarchController is undefined C:\xampp\htdocs\dev\docs\system\start.php(87) As seen from  C:\xampp\htdocs\dev\docs\system\bootstrap.php(93): {closure}()
#1 C:\xampp\htdocs\dev\docs\public\index.php(60): require_once('C:\\xampp\\htdocs...')
#2 {main}
